[23:01:37] [Server thread/INFO]: Starting minecraft server version 1.8.8
[23:01:37] [Server thread/INFO]: Loading properties
[23:01:37] [Server thread/INFO]: Default game type: SURVIVAL
[23:01:37] [Server thread/INFO]: This server is running CraftBukkit version git-PaperSpigot-445 (MC: 1.8.8) (Implementing API version 1.8.8-R0.1-SNAPSHOT)
[23:01:37] [Server thread/INFO]: Debug logging is disabled
[23:01:37] [Server thread/INFO]: Spigot Timings: true - Verbose: true - Interval: 5m - Length: 60m
[23:01:37] [Server thread/INFO]: Server Ping Player Sample Count: 12

[23:01:37] [Server thread/INFO]: Using 4 threads for Netty based IO
[23:01:37] [Server thread/INFO]: Data value allowed items: 
[23:01:37] [Server thread/WARN]: java.lang.NoSuchFieldException: modifiers

[23:01:37] [Server thread/WARN]: 	at java.base/java.lang.Class.getDeclaredField(Class.java:2782)

[23:01:37] [Server thread/WARN]: 	at org.github.paperspigot.PaperSpigotConfig.stackableBuckets(PaperSpigotConfig.java:192)

[23:01:37] [Server thread/WARN]: 	at java.base/jdk.internal.reflect.DirectMethodHandleAccessor.invoke(DirectMethodHandleAccessor.java:103)

[23:01:37] [Server thread/WARN]: 	at java.base/java.lang.reflect.Method.invoke(Method.java:580)

[23:01:37] [Server thread/WARN]: 	at org.github.paperspigot.PaperSpigotConfig.readConfig(PaperSpigotConfig.java:84)

[23:01:37] [Server thread/WARN]: 	at org.github.paperspigot.PaperSpigotConfig.init(PaperSpigotConfig.java:62)

[23:01:37] [Server thread/WARN]: 	at net.minecraft.server.v1_8_R3.DedicatedServer.init(DedicatedServer.java:181)

[23:01:37] [Server thread/WARN]: 	at net.minecraft.server.v1_8_R3.MinecraftServer.run(MinecraftServer.java:563)

[23:01:37] [Server thread/WARN]: 	at java.base/java.lang.Thread.run(Thread.java:1583)

[23:01:37] [Server thread/INFO]: Generating keypair
[23:01:37] [Server thread/INFO]: Starting Minecraft server on localhost:25565
[23:01:37] [Server thread/INFO]: Your platform does not provide complete low-level API for accessing direct buffers reliably. Unless explicitly requested, heap buffer will always be preferred to avoid potential system unstability.
[23:01:37] [Server thread/INFO]: Using default channel type
[23:01:37] [Server thread/ERROR]: Ambiguous plugin name `EaglerPluginInstaller' for files `plugins/EaglerPluginInstaller.jar' and `plugins/EaglerPluginInstaller-1.1.5.jar' in `plugins'
[23:01:37] [Server thread/INFO]: Set PluginClassLoader as parallel capable
[23:01:37] [Server thread/INFO]: [SimpleTpa] Loading SimpleTpa v6.4
[23:01:37] [Server thread/INFO]: [[EaglerPluginInstaller]] Loading EaglerPluginInstaller v1.1.4
[23:01:37] [Server thread/INFO]: [SimpleHomes] Loading SimpleHomes v2.2
[23:01:37] [Server thread/INFO]: [WorldEdit] Loading WorldEdit v6.1;no_git_id
[23:01:37] [Server thread/INFO]: [[EaglerPluginUpdater]] Loading EaglerPluginUpdater v1.1.2
[23:01:37] [Server thread/INFO]: [Essentials] Loading Essentials v2.11.1
[23:01:37] [Server thread/INFO]: [LoginSecurity] Loading LoginSecurity v3.2.0
[23:01:37] [Server thread/WARN]: **** SERVER IS RUNNING IN OFFLINE/INSECURE MODE!
[23:01:37] [Server thread/WARN]: The server will make no attempt to authenticate usernames. Beware.
[23:01:37] [Server thread/WARN]: Whilst this makes it possible to use BungeeCord, unless access to your server is properly restricted, it also opens up the ability for hackers to connect with any username they choose.
[23:01:37] [Server thread/WARN]: Please see http://www.spigotmc.org/wiki/firewall-guide/ for further information.
[23:01:37] [Server thread/WARN]: To change this, set "online-mode" to "true" in the server.properties file.
[23:01:37] [Server thread/INFO]: **** Beginning UUID conversion, this may take A LONG time ****
[23:01:37] [Server thread/INFO]: Preparing level "world"
[23:01:38] [Server thread/INFO]: -------- World Settings For [world] --------
[23:01:38] [Server thread/INFO]: Mob Spawn Range: 4
[23:01:38] [Server thread/INFO]: Anti X-Ray: true
[23:01:38] [Server thread/INFO]: 	Engine Mode: 1
[23:01:38] [Server thread/INFO]: 	Hidden Blocks: [14, 15, 16, 21, 48, 49, 54, 56, 73, 74, 82, 129, 130]
[23:01:38] [Server thread/INFO]: 	Replace Blocks: [1, 5]
[23:01:38] [Server thread/INFO]: Nerfing mobs spawned from spawners: false
[23:01:38] [Server thread/INFO]: Cactus Growth Modifier: 100%
[23:01:38] [Server thread/INFO]: Cane Growth Modifier: 100%
[23:01:38] [Server thread/INFO]: Melon Growth Modifier: 100%
[23:01:38] [Server thread/INFO]: Mushroom Growth Modifier: 100%
[23:01:38] [Server thread/INFO]: Pumpkin Growth Modifier: 100%
[23:01:38] [Server thread/INFO]: Sapling Growth Modifier: 100%
[23:01:38] [Server thread/INFO]: Wheat Growth Modifier: 100%
[23:01:38] [Server thread/INFO]: NetherWart Growth Modifier: 100%
[23:01:38] [Server thread/INFO]: Entity Activation Range: An 32 / Mo 32 / Mi 16
[23:01:38] [Server thread/INFO]: Entity Tracking Range: Pl 48 / An 48 / Mo 48 / Mi 32 / Other 64
[23:01:38] [Server thread/INFO]: Hopper Transfer: 8 Hopper Check: 8 Hopper Amount: 1
[23:01:38] [Server thread/INFO]: Random Lighting Updates: false
[23:01:38] [Server thread/INFO]: Structure Info Saving: true
[23:01:38] [Server thread/INFO]: Sending up to 10 chunks per packet
[23:01:38] [Server thread/INFO]: Max Entity Collisions: 8
[23:01:38] [Server thread/INFO]: Custom Map Seeds:  Village: 10387312 Feature: 14357617
[23:01:38] [Server thread/INFO]: Max TNT Explosions: 100
[23:01:38] [Server thread/INFO]: Tile Max Tick Time: 50ms Entity max Tick Time: 50ms
[23:01:38] [Server thread/INFO]: Item Despawn Rate: 6000
[23:01:38] [Server thread/INFO]: Item Merge Radius: 2.5
[23:01:38] [Server thread/INFO]: Arrow Despawn Rate: 1200
[23:01:38] [Server thread/INFO]: Allow Zombie Pigmen to spawn from portal blocks: true
[23:01:38] [Server thread/INFO]: View Distance: 4
[23:01:38] [Server thread/INFO]: Zombie Aggressive Towards Villager: true
[23:01:38] [Server thread/INFO]: Chunks to Grow per Tick: 650
[23:01:38] [Server thread/INFO]: Clear tick list: false
[23:01:38] [Server thread/INFO]: Experience Merge Radius: 3.0
[23:01:38] [Server thread/INFO]: -------- World Settings For [world] --------
[23:01:38] [Server thread/INFO]: Squids will spawn between Y: 45.0 and Y: 63.0
[23:01:38] [Server thread/INFO]: Max height for cactus growth 3. Max height for reed growth 3
[23:01:38] [Server thread/INFO]: Living Entity Despawn Ranges:  Soft: 32 Hard: 128
[23:01:38] [Server thread/INFO]: Player blocking damage multiplier set to 0.5
[23:01:38] [Server thread/INFO]: Remove invalid mob spawner tile entities: true
[23:01:38] [Server thread/INFO]: Water over lava flow speed: 5
[23:01:38] [Server thread/INFO]: Fix TNT cannons: false
[23:01:38] [Server thread/INFO]: Allow undead horse types to be leashed: false
[23:01:38] [Server thread/INFO]: Keep spawn chunk loaded: true
[23:01:38] [Server thread/INFO]: World async lighting: false
[23:01:38] [Server thread/INFO]: WorldServer TickNextTick cap set at 10000
[23:01:38] [Server thread/INFO]: WorldServer TickNextTickList cap always processes redstone: false
[23:01:38] [Server thread/INFO]: -------- World Settings For [world_nether] --------
[23:01:38] [Server thread/INFO]: Mob Spawn Range: 4
[23:01:38] [Server thread/INFO]: Anti X-Ray: true
[23:01:38] [Server thread/INFO]: 	Engine Mode: 1
[23:01:38] [Server thread/INFO]: 	Hidden Blocks: [14, 15, 16, 21, 48, 49, 54, 56, 73, 74, 82, 129, 130]
[23:01:38] [Server thread/INFO]: 	Replace Blocks: [1, 5]
[23:01:38] [Server thread/INFO]: Nerfing mobs spawned from spawners: false
[23:01:38] [Server thread/INFO]: Cactus Growth Modifier: 100%
[23:01:38] [Server thread/INFO]: Cane Growth Modifier: 100%
[23:01:38] [Server thread/INFO]: Melon Growth Modifier: 100%
[23:01:38] [Server thread/INFO]: Mushroom Growth Modifier: 100%
[23:01:38] [Server thread/INFO]: Pumpkin Growth Modifier: 100%
[23:01:38] [Server thread/INFO]: Sapling Growth Modifier: 100%
[23:01:38] [Server thread/INFO]: Wheat Growth Modifier: 100%
[23:01:38] [Server thread/INFO]: NetherWart Growth Modifier: 100%
[23:01:38] [Server thread/INFO]: Entity Activation Range: An 32 / Mo 32 / Mi 16
[23:01:38] [Server thread/INFO]: Entity Tracking Range: Pl 48 / An 48 / Mo 48 / Mi 32 / Other 64
[23:01:38] [Server thread/INFO]: Hopper Transfer: 8 Hopper Check: 8 Hopper Amount: 1
[23:01:38] [Server thread/INFO]: Random Lighting Updates: false
[23:01:38] [Server thread/INFO]: Structure Info Saving: true
[23:01:38] [Server thread/INFO]: Sending up to 10 chunks per packet
[23:01:38] [Server thread/INFO]: Max Entity Collisions: 8
[23:01:38] [Server thread/INFO]: Custom Map Seeds:  Village: 10387312 Feature: 14357617
[23:01:38] [Server thread/INFO]: Max TNT Explosions: 100
[23:01:38] [Server thread/INFO]: Tile Max Tick Time: 50ms Entity max Tick Time: 50ms
[23:01:38] [Server thread/INFO]: Item Despawn Rate: 6000
[23:01:38] [Server thread/INFO]: Item Merge Radius: 2.5
[23:01:38] [Server thread/INFO]: Arrow Despawn Rate: 1200
[23:01:38] [Server thread/INFO]: Allow Zombie Pigmen to spawn from portal blocks: true
[23:01:38] [Server thread/INFO]: View Distance: 4
[23:01:38] [Server thread/INFO]: Zombie Aggressive Towards Villager: true
[23:01:38] [Server thread/INFO]: Chunks to Grow per Tick: 650
[23:01:38] [Server thread/INFO]: Clear tick list: false
[23:01:38] [Server thread/INFO]: Experience Merge Radius: 3.0
[23:01:38] [Server thread/INFO]: -------- World Settings For [world_nether] --------
[23:01:38] [Server thread/INFO]: Squids will spawn between Y: 45.0 and Y: 63.0
[23:01:38] [Server thread/INFO]: Max height for cactus growth 3. Max height for reed growth 3
[23:01:38] [Server thread/INFO]: Living Entity Despawn Ranges:  Soft: 32 Hard: 128
[23:01:38] [Server thread/INFO]: Player blocking damage multiplier set to 0.5
[23:01:38] [Server thread/INFO]: Remove invalid mob spawner tile entities: true
[23:01:38] [Server thread/INFO]: Water over lava flow speed: 5
[23:01:38] [Server thread/INFO]: Fix TNT cannons: false
[23:01:38] [Server thread/INFO]: Allow undead horse types to be leashed: false
[23:01:38] [Server thread/INFO]: Keep spawn chunk loaded: true
[23:01:38] [Server thread/INFO]: World async lighting: false
[23:01:38] [Server thread/INFO]: WorldServer TickNextTick cap set at 10000
[23:01:38] [Server thread/INFO]: WorldServer TickNextTickList cap always processes redstone: false
[23:01:38] [Server thread/INFO]: -------- World Settings For [world_the_end] --------
[23:01:38] [Server thread/INFO]: Mob Spawn Range: 4
[23:01:38] [Server thread/INFO]: Anti X-Ray: true
[23:01:38] [Server thread/INFO]: 	Engine Mode: 1
[23:01:38] [Server thread/INFO]: 	Hidden Blocks: [14, 15, 16, 21, 48, 49, 54, 56, 73, 74, 82, 129, 130]
[23:01:38] [Server thread/INFO]: 	Replace Blocks: [1, 5]
[23:01:38] [Server thread/INFO]: Nerfing mobs spawned from spawners: false
[23:01:38] [Server thread/INFO]: Cactus Growth Modifier: 100%
[23:01:38] [Server thread/INFO]: Cane Growth Modifier: 100%
[23:01:38] [Server thread/INFO]: Melon Growth Modifier: 100%
[23:01:38] [Server thread/INFO]: Mushroom Growth Modifier: 100%
[23:01:38] [Server thread/INFO]: Pumpkin Growth Modifier: 100%
[23:01:38] [Server thread/INFO]: Sapling Growth Modifier: 100%
[23:01:38] [Server thread/INFO]: Wheat Growth Modifier: 100%
[23:01:38] [Server thread/INFO]: NetherWart Growth Modifier: 100%
[23:01:38] [Server thread/INFO]: Entity Activation Range: An 32 / Mo 32 / Mi 16
[23:01:38] [Server thread/INFO]: Entity Tracking Range: Pl 48 / An 48 / Mo 48 / Mi 32 / Other 64
[23:01:38] [Server thread/INFO]: Hopper Transfer: 8 Hopper Check: 8 Hopper Amount: 1
[23:01:38] [Server thread/INFO]: Random Lighting Updates: false
[23:01:38] [Server thread/INFO]: Structure Info Saving: true
[23:01:38] [Server thread/INFO]: Sending up to 10 chunks per packet
[23:01:38] [Server thread/INFO]: Max Entity Collisions: 8
[23:01:38] [Server thread/INFO]: Custom Map Seeds:  Village: 10387312 Feature: 14357617
[23:01:38] [Server thread/INFO]: Max TNT Explosions: 100
[23:01:38] [Server thread/INFO]: Tile Max Tick Time: 50ms Entity max Tick Time: 50ms
[23:01:38] [Server thread/INFO]: Item Despawn Rate: 6000
[23:01:38] [Server thread/INFO]: Item Merge Radius: 2.5
[23:01:38] [Server thread/INFO]: Arrow Despawn Rate: 1200
[23:01:38] [Server thread/INFO]: Allow Zombie Pigmen to spawn from portal blocks: true
[23:01:38] [Server thread/INFO]: View Distance: 4
[23:01:38] [Server thread/INFO]: Zombie Aggressive Towards Villager: true
[23:01:38] [Server thread/INFO]: Chunks to Grow per Tick: 650
[23:01:38] [Server thread/INFO]: Clear tick list: false
[23:01:38] [Server thread/INFO]: Experience Merge Radius: 3.0
[23:01:38] [Server thread/INFO]: -------- World Settings For [world_the_end] --------
[23:01:38] [Server thread/INFO]: Squids will spawn between Y: 45.0 and Y: 63.0
[23:01:38] [Server thread/INFO]: Max height for cactus growth 3. Max height for reed growth 3
[23:01:38] [Server thread/INFO]: Living Entity Despawn Ranges:  Soft: 32 Hard: 128
[23:01:38] [Server thread/INFO]: Player blocking damage multiplier set to 0.5
[23:01:38] [Server thread/INFO]: Remove invalid mob spawner tile entities: true
[23:01:38] [Server thread/INFO]: Water over lava flow speed: 5
[23:01:38] [Server thread/INFO]: Fix TNT cannons: false
[23:01:38] [Server thread/INFO]: Allow undead horse types to be leashed: false
[23:01:38] [Server thread/INFO]: Keep spawn chunk loaded: true
[23:01:38] [Server thread/INFO]: World async lighting: false
[23:01:38] [Server thread/INFO]: WorldServer TickNextTick cap set at 10000
[23:01:38] [Server thread/INFO]: WorldServer TickNextTickList cap always processes redstone: false
[23:01:38] [Server thread/INFO]: Preparing start region for level 0 (Seed: 6244015957587759078)
[23:01:39] [Server thread/INFO]: Preparing spawn area: 65%
[23:01:39] [Server thread/INFO]: Preparing start region for level 1 (Seed: 6244015957587759078)
[23:01:40] [Server thread/INFO]: Preparing spawn area: 64%
[23:01:40] [Server thread/INFO]: Preparing start region for level 2 (Seed: 6244015957587759078)
[23:01:41] [Server thread/INFO]: [SimpleTpa] Enabling SimpleTpa v6.4
[23:01:41] [Server thread/INFO]: [0;33;1m[21m[SimpleTpa] If you need support contact me at https://discord.gg/SZUkza9[m

[23:01:41] [Server thread/INFO]: [0;33;1m[21m[SimpleTpa] Simple Tpa has been enabled on version 6.4[m

[23:01:41] [Server thread/INFO]: Enabled metrics. You may opt-out by changing plugins/bStats/config.yml
[23:01:41] [Server thread/INFO]: [[EaglerPluginInstaller]] Enabling EaglerPluginInstaller v1.1.4
[23:01:41] [Server thread/INFO]: Check 1 passed

[23:01:41] [Server thread/INFO]: Check 3 passed

[23:01:41] [Server thread/INFO]: --------------------------------------------[m

[23:01:41] [Server thread/INFO]: --------------------------------------------[m

[23:01:41] [Server thread/INFO]: [0;32;1m[EaglerPluginInstaller][0;36;1m EaglerPluginInstaller V1.1.5 is now Enabled! :D[m

[23:01:41] [Server thread/INFO]: To use PluginInstaller, run the command "/install <pluginname>" ("install <pluginname>" in console) to install a plugin[m

[23:01:41] [Server thread/INFO]: To get a list of installable plugins, use the command "/plist" or "plist" in console[m

[23:01:41] [Server thread/INFO]: You can request to add a new plugin to the database by going to https://github.com/darverdevs/PluginInstallerRepo/tree/main[m

[23:01:41] [Server thread/INFO]: and creating an issue or pull request of the plugin you want to add[m

[23:01:41] [Server thread/INFO]: --------------------------------------------[m

[23:01:41] [Server thread/INFO]: --------------------------------------------[m

[23:01:41] [Server thread/INFO]: [SimpleHomes] Enabling SimpleHomes v2.2
[23:01:41] [Server thread/INFO]: [WorldEdit] Enabling WorldEdit v6.1;no_git_id
[23:01:42] [Server thread/INFO]: WEPIF: Using the Bukkit Permissions API.
[23:01:42] [Server thread/INFO]: [WorldEdit] Using com.sk89q.worldedit.bukkit.adapter.impl.Spigot_v1_8_R3 as the Bukkit adapter
[23:01:42] [Server thread/INFO]: [[EaglerPluginUpdater]] Enabling EaglerPluginUpdater v1.1.2
[23:01:42] [Server thread/INFO]: [[EaglerPluginInstaller]] Disabling EaglerPluginInstaller v1.1.4
[23:01:42] [Server thread/INFO]: --------------------------------------------[m

[23:01:42] [Server thread/INFO]: --------------------------------------------[m

[23:01:42] [Server thread/INFO]: [0;32;1m[EaglerPluginInstaller][0;36;1m PluginInstaller V1.1.5 is now Disabled! D:[m

[23:01:42] [Server thread/INFO]: --------------------------------------------[m

[23:01:42] [Server thread/INFO]: --------------------------------------------[m

[23:01:42] [Server thread/INFO]: [[EaglerPluginInstaller]] Enabling EaglerPluginInstaller v1.1.4
[23:01:42] [Server thread/INFO]: Check 1 passed

[23:01:42] [Server thread/INFO]: Check 3 passed

[23:01:42] [Server thread/INFO]: --------------------------------------------[m

[23:01:42] [Server thread/INFO]: --------------------------------------------[m

[23:01:42] [Server thread/INFO]: [0;32;1m[EaglerPluginInstaller][0;36;1m EaglerPluginInstaller V1.1.5 is now Enabled! :D[m

[23:01:42] [Server thread/INFO]: To use PluginInstaller, run the command "/install <pluginname>" ("install <pluginname>" in console) to install a plugin[m

[23:01:42] [Server thread/INFO]: To get a list of installable plugins, use the command "/plist" or "plist" in console[m

[23:01:42] [Server thread/INFO]: You can request to add a new plugin to the database by going to https://github.com/darverdevs/PluginInstallerRepo/tree/main[m

[23:01:42] [Server thread/INFO]: and creating an issue or pull request of the plugin you want to add[m

[23:01:42] [Server thread/INFO]: --------------------------------------------[m

[23:01:42] [Server thread/INFO]: --------------------------------------------[m

[23:01:42] [Server thread/INFO]: --------------------------------------------[m

[23:01:42] [Server thread/INFO]: --------------------------------------------[m

[23:01:42] [Server thread/INFO]: [0;32;1m[EaglerPluginUpdater][0;36;1m EaglerPluginUpdater V1.1.2 is now Enabled! :D[m

[23:01:42] [Server thread/INFO]: You do not need to do anything, this plugin will automatically update your PluginUpdater on startup[m

[23:01:42] [Server thread/INFO]: --------------------------------------------[m

[23:01:42] [Server thread/INFO]: --------------------------------------------[m

[23:01:42] [Server thread/INFO]: [Essentials] Enabling Essentials v2.11.1
[23:01:42] [Server thread/INFO]: Bukkit version format changed. Version not checked.
[23:01:42] [Server thread/INFO]: git-PaperSpigot-445 (MC: 1.8.8)
[23:01:42] [Server thread/INFO]: 1.8.8-R0.1-SNAPSHOT
[23:01:42] [Server thread/INFO]: Creating config from template: /workspaces/Scoodyslime2-Server/server/plugins/Essentials/worth.yml
[23:01:42] [Server thread/ERROR]: Error occurred while enabling Essentials v2.11.1 (Is it up to date?)
java.lang.NoSuchMethodError: 'com.google.common.cache.Cache com.google.common.cache.CacheBuilder.build(com.google.common.cache.CacheLoader)'
	at com.earth2me.essentials.UserMap.<init>(UserMap.java:19) ~[?:?]
	at com.earth2me.essentials.Essentials.onEnable(Essentials.java:178) ~[?:?]
	at org.bukkit.plugin.java.JavaPlugin.setEnabled(JavaPlugin.java:321) ~[patched_1.8.8.jar:git-PaperSpigot-445]
	at org.bukkit.plugin.java.JavaPluginLoader.enablePlugin(JavaPluginLoader.java:332) ~[patched_1.8.8.jar:git-PaperSpigot-445]
	at org.bukkit.plugin.SimplePluginManager.enablePlugin(SimplePluginManager.java:407) ~[patched_1.8.8.jar:git-PaperSpigot-445]
	at org.bukkit.craftbukkit.v1_8_R3.CraftServer.loadPlugin(CraftServer.java:359) ~[patched_1.8.8.jar:git-PaperSpigot-445]
	at org.bukkit.craftbukkit.v1_8_R3.CraftServer.enablePlugins(CraftServer.java:318) ~[patched_1.8.8.jar:git-PaperSpigot-445]
	at net.minecraft.server.v1_8_R3.MinecraftServer.s(MinecraftServer.java:408) ~[patched_1.8.8.jar:git-PaperSpigot-445]
	at net.minecraft.server.v1_8_R3.MinecraftServer.k(MinecraftServer.java:372) ~[patched_1.8.8.jar:git-PaperSpigot-445]
	at net.minecraft.server.v1_8_R3.MinecraftServer.a(MinecraftServer.java:327) ~[patched_1.8.8.jar:git-PaperSpigot-445]
	at net.minecraft.server.v1_8_R3.DedicatedServer.init(DedicatedServer.java:267) ~[patched_1.8.8.jar:git-PaperSpigot-445]
	at net.minecraft.server.v1_8_R3.MinecraftServer.run(MinecraftServer.java:563) ~[patched_1.8.8.jar:git-PaperSpigot-445]
	at java.lang.Thread.run(Thread.java:1583) [?:?]
[23:01:42] [Server thread/INFO]: [Essentials] Disabling Essentials v2.11.1
[23:01:42] [Server thread/ERROR]: Error occurred while disabling Essentials v2.11.1 (Is it up to date?)
java.lang.NullPointerException: Cannot invoke "com.earth2me.essentials.Backup.stopTask()" because "this.backup" is null
	at com.earth2me.essentials.Essentials.onDisable(Essentials.java:305) ~[?:?]
	at org.bukkit.plugin.java.JavaPlugin.setEnabled(JavaPlugin.java:323) ~[patched_1.8.8.jar:git-PaperSpigot-445]
	at org.bukkit.plugin.java.JavaPluginLoader.disablePlugin(JavaPluginLoader.java:360) ~[patched_1.8.8.jar:git-PaperSpigot-445]
	at org.bukkit.plugin.java.JavaPluginLoader.enablePlugin(JavaPluginLoader.java:336) ~[patched_1.8.8.jar:git-PaperSpigot-445]
	at org.bukkit.plugin.SimplePluginManager.enablePlugin(SimplePluginManager.java:407) ~[patched_1.8.8.jar:git-PaperSpigot-445]
	at org.bukkit.craftbukkit.v1_8_R3.CraftServer.loadPlugin(CraftServer.java:359) ~[patched_1.8.8.jar:git-PaperSpigot-445]
	at org.bukkit.craftbukkit.v1_8_R3.CraftServer.enablePlugins(CraftServer.java:318) ~[patched_1.8.8.jar:git-PaperSpigot-445]
	at net.minecraft.server.v1_8_R3.MinecraftServer.s(MinecraftServer.java:408) ~[patched_1.8.8.jar:git-PaperSpigot-445]
	at net.minecraft.server.v1_8_R3.MinecraftServer.k(MinecraftServer.java:372) ~[patched_1.8.8.jar:git-PaperSpigot-445]
	at net.minecraft.server.v1_8_R3.MinecraftServer.a(MinecraftServer.java:327) ~[patched_1.8.8.jar:git-PaperSpigot-445]
	at net.minecraft.server.v1_8_R3.DedicatedServer.init(DedicatedServer.java:267) ~[patched_1.8.8.jar:git-PaperSpigot-445]
	at net.minecraft.server.v1_8_R3.MinecraftServer.run(MinecraftServer.java:563) ~[patched_1.8.8.jar:git-PaperSpigot-445]
	at java.lang.Thread.run(Thread.java:1583) [?:?]
[23:01:42] [Server thread/INFO]: [LoginSecurity] Enabling LoginSecurity v3.2.0
[23:01:42] [Server thread/INFO]: [LoginSecurity] Loading base translations from "en_us"
[23:01:42] [Server thread/INFO]: [LoginSecurity] Loading specified translations from "en_us"
[23:01:42] [Server thread/INFO]: [LoginSecurity] Registering commands...
[23:01:42] [Server thread/INFO]: [LoginSecurity] Registering listeners...
[23:01:42] [Server thread/INFO]: Server permissions file permissions.yml is empty, ignoring it
[23:01:42] [Server thread/INFO]: Done (4.889s)! For help, type "help" or "?"
[23:01:42] [Server thread/INFO]: Timings Reset
[23:01:42] [Craft Scheduler Thread - 0/INFO]: [0;31;1m[21m[SimpleTpa] There is a new update available.[m

[23:01:42] [Craft Scheduler Thread - 0/INFO]: [0;31;1m[SimpleTpa] There is a new update available:[m

[23:01:42] [Craft Scheduler Thread - 0/INFO]: [0;31;1m[SimpleTpa] https://www.spigotmc.org/resources/simple-tpa.64270/[m

[23:01:44] [Thread-7/INFO]: UUID of player Scoodyslime2 is 4c41a457-dec6-39ec-a02c-8a2b949d6631
[23:01:44] [Server thread/INFO]: Scoodyslime2[/[0:0:0:0:0:0:0:1]:37558] logged in with entity id 249 at ([world]199.01593802400285, 76.52883057993866, 231.2949131289272)
[23:01:50] [Server thread/INFO]: Scoodyslime2 issued server command: /help
